

Processing TommyBoyController#index (for 127.0.0.1 at 2009-11-29 20:34:51) [GET]
Rendering template within layouts/application
Rendering tommy_boy/index
Completed in 52ms (View: 50, DB: 0) | 200 OK [http://localhost/tommy_boy]


Processing TommyBoyController#index (for 127.0.0.1 at 2009-11-29 20:35:03) [GET]
Rendering template within layouts/application
Rendering tommy_boy/index
Completed in 10ms (View: 9, DB: 0) | 200 OK [http://localhost/tommy_boy]


Processing TommyBoyController#index (for 127.0.0.1 at 2009-11-29 20:36:09) [GET]
Rendering template within layouts/application
Rendering tommy_boy/index
Completed in 9ms (View: 8, DB: 0) | 200 OK [http://localhost/tommy_boy]


Processing TommyBoyController#index (for 127.0.0.1 at 2009-11-29 20:36:18) [GET]
Rendering template within layouts/application
Rendering tommy_boy/index
Completed in 10ms (View: 7, DB: 0) | 200 OK [http://localhost/tommy_boy]


Processing TommyBoyController#index (for 127.0.0.1 at 2009-11-29 20:50:57) [GET]
Rendering template within layouts/application
Rendering tommy_boy/index
Completed in 7ms (View: 6, DB: 0) | 200 OK [http://localhost/tommy_boy]


Processing TommyBoyController#index (for 127.0.0.1 at 2009-11-29 20:51:11) [GET]
Rendering template within layouts/application
Rendering tommy_boy/index
Completed in 8ms (View: 6, DB: 0) | 200 OK [http://localhost/tommy_boy]


Processing TommyBoyController#index (for 127.0.0.1 at 2009-11-29 20:51:31) [GET]
Rendering template within layouts/application
Rendering tommy_boy/index
Completed in 12ms (View: 10, DB: 0) | 200 OK [http://localhost/tommy_boy]


Processing TommyBoyController#index (for 127.0.0.1 at 2009-11-29 20:51:49) [GET]
Rendering template within layouts/application
Rendering tommy_boy/index
Completed in 11ms (View: 10, DB: 0) | 200 OK [http://localhost/tommy_boy]


Processing TommyBoyController#index (for 127.0.0.1 at 2009-11-29 20:56:09) [GET]
Rendering template within layouts/application
Rendering tommy_boy/index
Completed in 66ms (View: 65, DB: 0) | 200 OK [http://localhost/tommy_boy]


Processing TommyBoyController#index (for 127.0.0.1 at 2009-11-29 22:14:13) [GET]
Rendering template within layouts/application
Rendering tommy_boy/index
Completed in 63ms (View: 62, DB: 0) | 200 OK [http://localhost/tommy_boy]


Processing TommyBoyController#index (for 127.0.0.1 at 2009-11-29 22:17:07) [GET]
Rendering template within layouts/application
Rendering tommy_boy/index
Completed in 64ms (View: 63, DB: 0) | 200 OK [http://localhost/tommy_boy]


Processing TommyBoyController#index (for 127.0.0.1 at 2009-12-03 00:16:38) [GET]
Rendering template within layouts/application
Rendering tommy_boy/index
Completed in 102ms (View: 99, DB: 0) | 200 OK [http://localhost/]


Processing TommyBoyController#more (for 127.0.0.1 at 2009-12-03 00:16:41) [GET]
Rendering template within layouts/application
Rendering tommy_boy/more
Completed in 6ms (View: 5, DB: 0) | 200 OK [http://localhost/more]


Processing TommyBoyController#index (for 127.0.0.1 at 2009-12-03 00:16:45) [GET]
Rendering template within layouts/application
Rendering tommy_boy/index
Completed in 2ms (View: 1, DB: 0) | 200 OK [http://localhost/]


Processing TommyBoyController#more (for 127.0.0.1 at 2009-12-03 00:17:08) [GET]
Rendering template within layouts/application
Rendering tommy_boy/more
Completed in 2ms (View: 1, DB: 0) | 200 OK [http://localhost/more]


Processing TommyBoyController#index (for 127.0.0.1 at 2009-12-03 00:17:12) [GET]
Rendering template within layouts/application
Rendering tommy_boy/index
Completed in 2ms (View: 1, DB: 0) | 200 OK [http://localhost/]


Processing TommyBoyController#more (for 127.0.0.1 at 2009-12-03 01:21:45) [GET]
Rendering template within layouts/application
Rendering tommy_boy/more
Completed in 59ms (View: 58, DB: 0) | 200 OK [http://localhost/more]


Processing TommyBoyController#index (for 127.0.0.1 at 2009-12-03 01:21:47) [GET]
Rendering template within layouts/application
Rendering tommy_boy/index
Completed in 9ms (View: 7, DB: 0) | 200 OK [http://localhost/]


Processing TommyBoyController#index (for 127.0.0.1 at 2009-12-03 02:01:22) [GET]
Rendering template within layouts/application
Rendering tommy_boy/index
Completed in 61ms (View: 59, DB: 0) | 200 OK [http://localhost/]


Processing TommyBoyController#index (for 127.0.0.1 at 2009-12-03 02:01:25) [GET]
Rendering template within layouts/application
Rendering tommy_boy/index
Completed in 2ms (View: 1, DB: 0) | 200 OK [http://localhost/]
